[2022-04-28  01:23:19.544] -> [DEBUG]: 
debug
[2022-04-28  01:23:19.546] -> [INFO]: 
info
[2022-04-28  01:23:19.548] -> [WARNING]: 
warn
[2022-04-28  01:23:19.551] -> [DEBUG]: 
debug
[2022-04-28  01:23:19.552] -> [INFO]: 
info
[2022-04-28  01:23:19.554] -> [WARNING]: 
warn
[2022-04-28  01:23:19.556] -> [DEBUG]: 
debug
[2022-04-28  01:23:19.558] -> [INFO]: 
info
[2022-04-28  01:23:19.560] -> [WARNING]: 
warn
[2022-04-28  01:23:19.565] -> [DEBUG]: 
debug
[2022-04-28  01:23:19.566] -> [INFO]: 
info
[2022-04-28  01:23:19.567] -> [WARNING]: 
warn
[2022-04-28  01:23:19.570] -> [DEBUG]: 
debug
[2022-04-28  01:23:19.571] -> [INFO]: 
info
[2022-04-28  01:23:19.574] -> [WARNING]: 
warn
[2022-04-28  01:23:19.577] -> [DEBUG]: 
debug
[2022-04-28  01:23:19.583] -> [INFO]: 
info
[2022-04-28  01:23:19.585] -> [WARNING]: 
warn
[2022-04-28  01:23:19.588] -> [DEBUG]: 
debug
[2022-04-28  01:23:19.592] -> [INFO]: 
info
[2022-04-28  01:23:19.594] -> [WARNING]: 
warn
[2022-04-28  01:23:19.600] -> [DEBUG]: 
debug
[2022-04-28  01:23:19.605] -> [INFO]: 
info
[2022-04-28  01:23:19.609] -> [WARNING]: 
warn
[2022-04-28  01:23:19.612] -> [DEBUG]: 
debug
[2022-04-28  01:23:19.616] -> [INFO]: 
info
[2022-04-28  01:23:19.619] -> [WARNING]: 
warn
[2022-04-28  01:23:19.627] -> [DEBUG]: 
debug
[2022-04-28  01:23:19.632] -> [INFO]: 
info
[2022-04-28  01:23:19.635] -> [WARNING]: 
warn
[2022-04-28  01:23:19.649] -> [DEBUG]: 
debug
[2022-04-28  01:23:19.659] -> [INFO]: 
info
[2022-04-28  01:23:19.667] -> [WARNING]: 
warn
[2022-04-28  01:23:19.672] -> [DEBUG]: 
debug
[2022-04-28  01:23:19.681] -> [INFO]: 
info
[2022-04-28  01:23:19.687] -> [WARNING]: 
warn
[2022-04-28  01:23:19.691] -> [DEBUG]: 
debug
[2022-04-28  01:23:19.694] -> [INFO]: 
info
[2022-04-28  01:23:19.697] -> [WARNING]: 
warn
[2022-04-28  01:23:19.719] -> [DEBUG]: 
debug
[2022-04-28  01:23:19.737] -> [INFO]: 
info
[2022-04-28  01:23:19.745] -> [WARNING]: 
warn
[2022-04-28  01:23:19.751] -> [DEBUG]: 
debug
[2022-04-28  01:23:19.755] -> [INFO]: 
info
[2022-04-28  01:23:19.757] -> [WARNING]: 
warn
[2022-04-28  01:23:19.760] -> [DEBUG]: 
debug
[2022-04-28  01:23:19.774] -> [INFO]: 
info
[2022-04-28  01:23:19.784] -> [WARNING]: 
warn
[2022-04-28  01:23:19.813] -> [DEBUG]: 
debug
[2022-04-28  01:23:19.819] -> [INFO]: 
info
[2022-04-28  01:23:19.836] -> [WARNING]: 
warn
[2022-04-28  01:23:19.844] -> [DEBUG]: 
debug
[2022-04-28  01:23:19.866] -> [INFO]: 
info
[2022-04-28  01:23:19.889] -> [WARNING]: 
warn
[2022-04-28  01:23:19.908] -> [DEBUG]: 
debug
[2022-04-28  01:23:19.934] -> [INFO]: 
info
[2022-04-28  01:23:19.951] -> [WARNING]: 
warn
[2022-04-28  01:23:19.973] -> [DEBUG]: 
debug
[2022-04-28  01:23:19.996] -> [INFO]: 
info
[2022-04-28  01:23:20.019] -> [WARNING]: 
warn
[2022-04-28  01:23:20.054] -> [DEBUG]: 
debug
[2022-04-28  01:23:20.077] -> [INFO]: 
info
[2022-04-28  01:23:20.115] -> [WARNING]: 
warn
[2022-04-28  01:23:20.119] -> [DEBUG]: 
debug
[2022-04-28  01:23:20.137] -> [INFO]: 
info
[2022-04-28  01:23:20.155] -> [WARNING]: 
warn
[2022-04-28  01:23:20.182] -> [DEBUG]: 
debug
[2022-04-28  01:23:20.204] -> [INFO]: 
info
[2022-04-28  01:23:20.223] -> [WARNING]: 
warn
[2022-04-28  01:23:20.240] -> [DEBUG]: 
debug
[2022-04-28  01:23:20.243] -> [INFO]: 
info
[2022-04-28  01:23:20.246] -> [WARNING]: 
warn
[2022-04-28  01:23:20.252] -> [DEBUG]: 
debug
[2022-04-28  01:23:20.255] -> [INFO]: 
info
[2022-04-28  01:23:20.273] -> [WARNING]: 
warn
[2022-04-28  01:23:20.358] -> [DEBUG]: 
debug
[2022-04-28  01:23:20.362] -> [INFO]: 
info
[2022-04-28  01:23:20.365] -> [WARNING]: 
warn
[2022-04-28  01:23:20.371] -> [DEBUG]: 
debug
[2022-04-28  01:23:20.376] -> [INFO]: 
info
[2022-04-28  01:23:20.409] -> [WARNING]: 
warn
[2022-04-28  01:23:20.412] -> [DEBUG]: 
debug
[2022-04-28  01:23:20.418] -> [INFO]: 
info
[2022-04-28  01:23:20.438] -> [WARNING]: 
warn
[2022-04-28  01:23:20.481] -> [DEBUG]: 
debug
[2022-04-28  01:23:20.498] -> [INFO]: 
info
[2022-04-28  01:23:20.521] -> [WARNING]: 
warn
[2022-04-28  01:23:20.544] -> [DEBUG]: 
debug
[2022-04-28  01:23:20.570] -> [INFO]: 
info
[2022-04-28  01:23:20.597] -> [WARNING]: 
warn
[2022-04-28  01:23:20.641] -> [DEBUG]: 
debug
[2022-04-28  01:23:20.653] -> [INFO]: 
info
[2022-04-28  01:23:20.658] -> [WARNING]: 
warn
[2022-04-28  01:23:20.661] -> [DEBUG]: 
debug
[2022-04-28  01:23:20.667] -> [INFO]: 
info
[2022-04-28  01:23:20.677] -> [WARNING]: 
warn
[2022-04-28  01:23:20.684] -> [DEBUG]: 
debug
[2022-04-28  01:23:20.690] -> [INFO]: 
info
[2022-04-28  01:23:20.693] -> [WARNING]: 
warn
[2022-04-28  01:23:20.697] -> [DEBUG]: 
debug
[2022-04-28  01:23:20.701] -> [INFO]: 
info
[2022-04-28  01:23:20.726] -> [WARNING]: 
warn
[2022-04-28  01:23:20.760] -> [DEBUG]: 
debug
[2022-04-28  01:23:20.771] -> [INFO]: 
info
[2022-04-28  01:23:20.787] -> [WARNING]: 
warn
[2022-04-28  01:23:20.822] -> [DEBUG]: 
debug
[2022-04-28  01:23:20.868] -> [INFO]: 
info
[2022-04-28  01:23:20.923] -> [WARNING]: 
warn
[2022-04-28  01:23:21.034] -> [DEBUG]: 
debug
[2022-04-28  01:23:21.052] -> [INFO]: 
info
[2022-04-28  01:23:21.059] -> [WARNING]: 
warn
[2022-04-28  01:23:21.074] -> [DEBUG]: 
debug
[2022-04-28  01:23:21.081] -> [INFO]: 
info
[2022-04-28  01:23:21.086] -> [WARNING]: 
warn
[2022-04-28  01:23:21.092] -> [DEBUG]: 
debug
[2022-04-28  01:23:21.094] -> [INFO]: 
info
[2022-04-28  01:23:21.096] -> [WARNING]: 
warn
[2022-04-28  01:23:21.100] -> [DEBUG]: 
debug
[2022-04-28  01:23:21.102] -> [INFO]: 
info
[2022-04-28  01:23:21.109] -> [WARNING]: 
warn
[2022-04-28  01:23:21.114] -> [DEBUG]: 
debug
[2022-04-28  01:23:21.117] -> [INFO]: 
info
[2022-04-28  01:23:21.121] -> [WARNING]: 
warn
[2022-04-28  01:23:21.125] -> [DEBUG]: 
debug
[2022-04-28  01:23:21.133] -> [INFO]: 
info
[2022-04-28  01:23:21.144] -> [WARNING]: 
warn
[2022-04-28  01:23:21.155] -> [DEBUG]: 
debug
[2022-04-28  01:23:21.160] -> [INFO]: 
info
[2022-04-28  01:23:21.170] -> [WARNING]: 
warn
[2022-04-28  01:23:21.213] -> [DEBUG]: 
debug
[2022-04-28  01:23:21.261] -> [INFO]: 
info
[2022-04-28  01:23:21.305] -> [WARNING]: 
warn
[2022-04-28  01:23:21.335] -> [DEBUG]: 
debug
[2022-04-28  01:23:21.341] -> [INFO]: 
info
[2022-04-28  01:23:21.352] -> [WARNING]: 
warn
[2022-04-28  01:23:21.373] -> [DEBUG]: 
debug
[2022-04-28  01:23:21.413] -> [INFO]: 
info
[2022-04-28  01:23:21.417] -> [WARNING]: 
warn
[2022-04-28  01:23:21.421] -> [DEBUG]: 
debug
[2022-04-28  01:23:21.424] -> [INFO]: 
info
[2022-04-28  01:23:21.430] -> [WARNING]: 
warn
[2022-04-28  01:23:21.434] -> [DEBUG]: 
debug
[2022-04-28  01:23:21.516] -> [INFO]: 
info
[2022-04-28  01:23:21.624] -> [WARNING]: 
warn
[2022-04-28  01:23:21.642] -> [DEBUG]: 
debug
[2022-04-28  01:23:21.660] -> [INFO]: 
info
[2022-04-28  01:23:21.746] -> [WARNING]: 
warn
[2022-04-28  01:23:21.761] -> [DEBUG]: 
debug
[2022-04-28  01:23:21.770] -> [INFO]: 
info
[2022-04-28  01:23:21.837] -> [WARNING]: 
warn
[2022-04-28  01:23:21.853] -> [DEBUG]: 
debug
[2022-04-28  01:23:21.869] -> [INFO]: 
info
[2022-04-28  01:23:21.874] -> [WARNING]: 
warn
[2022-04-28  01:23:21.879] -> [DEBUG]: 
debug
[2022-04-28  01:23:21.947] -> [INFO]: 
info
[2022-04-28  01:23:21.961] -> [WARNING]: 
warn
[2022-04-28  01:23:22.008] -> [DEBUG]: 
debug
[2022-04-28  01:23:22.083] -> [INFO]: 
info
[2022-04-28  01:23:22.116] -> [WARNING]: 
warn
[2022-04-28  01:23:22.268] -> [DEBUG]: 
debug
[2022-04-28  01:23:22.273] -> [INFO]: 
info
[2022-04-28  01:23:22.296] -> [WARNING]: 
warn
[2022-04-28  01:23:22.433] -> [DEBUG]: 
debug
[2022-04-28  01:23:22.436] -> [INFO]: 
info
[2022-04-28  01:23:22.439] -> [WARNING]: 
warn
[2022-04-28  01:23:22.454] -> [DEBUG]: 
debug
[2022-04-28  01:23:22.459] -> [INFO]: 
info
[2022-04-28  01:23:22.465] -> [WARNING]: 
warn
[2022-04-28  01:23:22.473] -> [DEBUG]: 
debug
[2022-04-28  01:23:22.478] -> [INFO]: 
info
[2022-04-28  01:23:22.482] -> [WARNING]: 
warn
[2022-04-28  01:23:22.485] -> [DEBUG]: 
debug
[2022-04-28  01:23:22.490] -> [INFO]: 
info
[2022-04-28  01:23:22.492] -> [WARNING]: 
warn
[2022-04-28  01:23:22.497] -> [DEBUG]: 
debug
[2022-04-28  01:23:22.504] -> [INFO]: 
info
[2022-04-28  01:23:22.506] -> [WARNING]: 
warn
[2022-04-28  01:23:22.538] -> [DEBUG]: 
debug
[2022-04-28  01:23:22.584] -> [INFO]: 
info
[2022-04-28  01:23:22.589] -> [WARNING]: 
warn
[2022-04-28  01:23:22.622] -> [DEBUG]: 
debug
[2022-04-28  01:23:22.635] -> [INFO]: 
info
[2022-04-28  01:23:22.975] -> [WARNING]: 
warn
[2022-04-28  01:23:22.986] -> [DEBUG]: 
debug
[2022-04-28  01:23:23.000] -> [INFO]: 
info
[2022-04-28  01:23:23.005] -> [WARNING]: 
warn
[2022-04-28  01:23:23.042] -> [DEBUG]: 
debug
[2022-04-28  01:23:23.048] -> [INFO]: 
info
[2022-04-28  01:23:23.050] -> [WARNING]: 
warn
[2022-04-28  01:23:23.054] -> [DEBUG]: 
debug
[2022-04-28  01:23:23.056] -> [INFO]: 
info
[2022-04-28  01:23:23.058] -> [WARNING]: 
warn
[2022-04-28  01:23:23.062] -> [DEBUG]: 
debug
[2022-04-28  01:23:23.064] -> [INFO]: 
info
[2022-04-28  01:23:23.067] -> [WARNING]: 
warn
[2022-04-28  01:23:23.069] -> [DEBUG]: 
debug
[2022-04-28  01:23:23.072] -> [INFO]: 
info
[2022-04-28  01:23:23.076] -> [WARNING]: 
warn
[2022-04-28  01:23:23.084] -> [DEBUG]: 
debug
[2022-04-28  01:23:23.089] -> [INFO]: 
info
[2022-04-28  01:23:23.098] -> [WARNING]: 
warn
[2022-04-28  01:23:23.101] -> [DEBUG]: 
debug
[2022-04-28  01:23:23.105] -> [INFO]: 
info
[2022-04-28  01:23:23.107] -> [WARNING]: 
warn
[2022-04-28  01:23:23.111] -> [DEBUG]: 
debug
[2022-04-28  01:23:23.113] -> [INFO]: 
info
[2022-04-28  01:23:23.117] -> [WARNING]: 
warn
[2022-04-28  01:23:23.119] -> [DEBUG]: 
debug
[2022-04-28  01:23:23.123] -> [INFO]: 
info
[2022-04-28  01:23:23.127] -> [WARNING]: 
warn
[2022-04-28  01:23:23.132] -> [DEBUG]: 
debug
[2022-04-28  01:23:23.134] -> [INFO]: 
info
[2022-04-28  01:23:23.137] -> [WARNING]: 
warn
[2022-04-28  01:23:23.145] -> [DEBUG]: 
debug
[2022-04-28  01:23:23.157] -> [INFO]: 
info
[2022-04-28  01:23:23.160] -> [WARNING]: 
warn
[2022-04-28  01:23:23.165] -> [DEBUG]: 
debug
[2022-04-28  01:23:23.182] -> [INFO]: 
info
[2022-04-28  01:23:23.187] -> [WARNING]: 
warn
[2022-04-28  01:23:23.189] -> [DEBUG]: 
debug
[2022-04-28  01:23:23.193] -> [INFO]: 
info
[2022-04-28  01:23:23.198] -> [WARNING]: 
warn
[2022-04-28  01:23:23.204] -> [DEBUG]: 
debug
[2022-04-28  01:23:23.208] -> [INFO]: 
info
[2022-04-28  01:23:23.210] -> [WARNING]: 
warn
[2022-04-28  01:23:23.213] -> [DEBUG]: 
debug
[2022-04-28  01:23:23.216] -> [INFO]: 
info
[2022-04-28  01:23:23.221] -> [WARNING]: 
warn
[2022-04-28  01:23:23.225] -> [DEBUG]: 
debug
[2022-04-28  01:23:23.227] -> [INFO]: 
info
[2022-04-28  01:23:23.230] -> [WARNING]: 
warn
[2022-04-28  01:23:23.241] -> [DEBUG]: 
debug
[2022-04-28  01:23:23.245] -> [INFO]: 
info
[2022-04-28  01:23:23.248] -> [WARNING]: 
warn
[2022-04-28  01:23:23.258] -> [DEBUG]: 
debug
[2022-04-28  01:23:23.260] -> [INFO]: 
info
[2022-04-28  01:23:23.271] -> [WARNING]: 
warn
[2022-04-28  01:23:23.274] -> [DEBUG]: 
debug
[2022-04-28  01:23:23.276] -> [INFO]: 
info
[2022-04-28  01:23:23.279] -> [WARNING]: 
warn
[2022-04-28  01:23:23.282] -> [DEBUG]: 
debug
[2022-04-28  01:23:23.286] -> [INFO]: 
info
[2022-04-28  01:23:23.297] -> [WARNING]: 
warn
[2022-04-28  01:23:23.305] -> [DEBUG]: 
debug
[2022-04-28  01:23:23.307] -> [INFO]: 
info
[2022-04-28  01:23:23.310] -> [WARNING]: 
warn
[2022-04-28  01:23:23.314] -> [DEBUG]: 
debug
[2022-04-28  01:23:23.318] -> [INFO]: 
info
[2022-04-28  01:23:23.323] -> [WARNING]: 
warn
[2022-04-28  01:23:23.333] -> [DEBUG]: 
debug
[2022-04-28  01:23:23.337] -> [INFO]: 
info
[2022-04-28  01:23:23.339] -> [WARNING]: 
warn
[2022-04-28  01:23:23.343] -> [DEBUG]: 
debug
[2022-04-28  01:23:23.345] -> [INFO]: 
info
[2022-04-28  01:23:23.348] -> [WARNING]: 
warn
[2022-04-28  01:23:23.351] -> [DEBUG]: 
debug
[2022-04-28  01:23:23.353] -> [INFO]: 
info
[2022-04-28  01:23:23.361] -> [WARNING]: 
warn
[2022-04-28  01:23:23.364] -> [DEBUG]: 
debug
[2022-04-28  01:23:23.366] -> [INFO]: 
info
[2022-04-28  01:23:23.369] -> [WARNING]: 
warn
[2022-04-28  01:23:23.372] -> [DEBUG]: 
debug
[2022-04-28  01:23:23.375] -> [INFO]: 
info
[2022-04-28  01:23:23.377] -> [WARNING]: 
warn
[2022-04-28  01:23:23.379] -> [DEBUG]: 
debug
[2022-04-28  01:23:23.381] -> [INFO]: 
info
[2022-04-28  01:23:23.384] -> [WARNING]: 
warn
[2022-04-28  01:23:23.386] -> [DEBUG]: 
debug
[2022-04-28  01:23:23.389] -> [INFO]: 
info
[2022-04-28  01:23:23.390] -> [WARNING]: 
warn
[2022-04-28  01:23:23.394] -> [DEBUG]: 
debug
[2022-04-28  01:23:23.396] -> [INFO]: 
info
[2022-04-28  01:23:23.399] -> [WARNING]: 
warn
[2022-04-28  01:23:23.400] -> [DEBUG]: 
debug
[2022-04-28  01:23:23.403] -> [INFO]: 
info
[2022-04-28  01:23:23.405] -> [WARNING]: 
warn
[2022-04-28  01:23:23.407] -> [DEBUG]: 
debug
[2022-04-28  01:23:23.410] -> [INFO]: 
info
[2022-04-28  01:23:23.411] -> [WARNING]: 
warn
[2022-04-28  01:23:23.414] -> [DEBUG]: 
debug
[2022-04-28  01:23:23.416] -> [INFO]: 
info
[2022-04-28  01:23:23.419] -> [WARNING]: 
warn
[2022-04-28  01:23:23.422] -> [DEBUG]: 
debug
[2022-04-28  01:23:23.423] -> [INFO]: 
info
[2022-04-28  01:23:23.425] -> [WARNING]: 
warn
[2022-04-28  01:23:23.428] -> [DEBUG]: 
debug
[2022-04-28  01:23:23.430] -> [INFO]: 
info
[2022-04-28  01:23:23.432] -> [WARNING]: 
warn
[2022-04-28  01:23:23.433] -> [DEBUG]: 
debug
[2022-04-28  01:23:23.435] -> [INFO]: 
info
[2022-04-28  01:23:23.438] -> [WARNING]: 
warn
[2022-04-28  01:23:23.440] -> [DEBUG]: 
debug
[2022-04-28  01:23:23.442] -> [INFO]: 
info
[2022-04-28  01:23:23.444] -> [WARNING]: 
warn
[2022-04-28  01:23:23.448] -> [DEBUG]: 
debug
[2022-04-28  01:23:23.451] -> [INFO]: 
info
[2022-04-28  01:23:23.455] -> [WARNING]: 
warn
[2022-04-28  01:23:23.458] -> [DEBUG]: 
debug
[2022-04-28  01:23:23.462] -> [INFO]: 
info
[2022-04-28  01:23:23.465] -> [WARNING]: 
warn
[2022-04-28  01:23:23.468] -> [DEBUG]: 
debug
[2022-04-28  01:23:23.469] -> [INFO]: 
info
[2022-04-28  01:23:23.471] -> [WARNING]: 
warn
[2022-04-28  01:23:23.474] -> [DEBUG]: 
debug
[2022-04-28  01:23:23.480] -> [INFO]: 
info
[2022-04-28  01:23:23.482] -> [WARNING]: 
warn
[2022-04-28  01:23:23.484] -> [DEBUG]: 
debug
[2022-04-28  01:23:23.486] -> [INFO]: 
info
[2022-04-28  01:23:23.488] -> [WARNING]: 
warn
[2022-04-28  01:23:23.491] -> [DEBUG]: 
debug
[2022-04-28  01:23:23.494] -> [INFO]: 
info
[2022-04-28  01:23:23.497] -> [WARNING]: 
warn
[2022-04-28  01:23:23.499] -> [DEBUG]: 
debug
[2022-04-28  01:23:23.502] -> [INFO]: 
info
[2022-04-28  01:23:23.504] -> [WARNING]: 
warn
[2022-04-28  01:23:23.507] -> [DEBUG]: 
debug
[2022-04-28  01:23:23.511] -> [INFO]: 
info
[2022-04-28  01:23:23.514] -> [WARNING]: 
warn
[2022-04-28  01:23:23.516] -> [DEBUG]: 
debug
[2022-04-28  01:23:23.518] -> [INFO]: 
info
[2022-04-28  01:23:23.519] -> [WARNING]: 
warn
[2022-04-28  01:23:23.522] -> [DEBUG]: 
debug
[2022-04-28  01:23:23.525] -> [INFO]: 
info
[2022-04-28  01:23:23.528] -> [WARNING]: 
warn
[2022-04-28  01:23:23.532] -> [DEBUG]: 
debug
[2022-04-28  01:23:23.534] -> [INFO]: 
info
[2022-04-28  01:23:23.536] -> [WARNING]: 
warn
[2022-04-28  01:23:23.539] -> [DEBUG]: 
debug
[2022-04-28  01:23:23.543] -> [INFO]: 
info
[2022-04-28  01:23:23.546] -> [WARNING]: 
warn
[2022-04-28  01:23:23.548] -> [DEBUG]: 
debug
[2022-04-28  01:23:23.550] -> [INFO]: 
info
[2022-04-28  01:23:23.552] -> [WARNING]: 
warn
[2022-04-28  01:23:23.553] -> [DEBUG]: 
debug
[2022-04-28  01:23:23.556] -> [INFO]: 
info
[2022-04-28  01:23:23.560] -> [WARNING]: 
warn
[2022-04-28  01:23:23.567] -> [DEBUG]: 
debug
[2022-04-28  01:23:23.569] -> [INFO]: 
info
[2022-04-28  01:23:23.571] -> [WARNING]: 
warn
[2022-04-28  01:23:23.576] -> [DEBUG]: 
debug
[2022-04-28  01:23:23.579] -> [INFO]: 
info
[2022-04-28  01:23:23.581] -> [WARNING]: 
warn
[2022-04-28  01:23:23.583] -> [DEBUG]: 
debug
[2022-04-28  01:23:23.586] -> [INFO]: 
info
[2022-04-28  01:23:23.588] -> [WARNING]: 
warn
[2022-04-28  01:23:23.591] -> [DEBUG]: 
debug
[2022-04-28  01:23:23.595] -> [INFO]: 
info
[2022-04-28  01:23:23.597] -> [WARNING]: 
warn
[2022-04-28  01:23:23.598] -> [DEBUG]: 
debug
[2022-04-28  01:23:23.600] -> [INFO]: 
info
[2022-04-28  01:23:23.603] -> [WARNING]: 
warn
[2022-04-28  01:23:23.605] -> [DEBUG]: 
debug
[2022-04-28  01:23:23.609] -> [INFO]: 
info
[2022-04-28  01:23:23.614] -> [WARNING]: 
warn
[2022-04-28  01:23:23.615] -> [DEBUG]: 
debug
[2022-04-28  01:23:23.617] -> [INFO]: 
info
[2022-04-28  01:23:23.621] -> [WARNING]: 
warn
[2022-04-28  01:23:23.627] -> [DEBUG]: 
debug
[2022-04-28  01:23:23.629] -> [INFO]: 
info
[2022-04-28  01:23:23.631] -> [WARNING]: 
warn
[2022-04-28  01:23:23.634] -> [DEBUG]: 
debug
[2022-04-28  01:23:23.636] -> [INFO]: 
info
[2022-04-28  01:23:23.637] -> [WARNING]: 
warn
[2022-04-28  01:23:23.642] -> [DEBUG]: 
debug
[2022-04-28  01:23:23.645] -> [INFO]: 
info
[2022-04-28  01:23:23.648] -> [WARNING]: 
warn
[2022-04-28  01:23:23.651] -> [DEBUG]: 
debug
[2022-04-28  01:23:23.653] -> [INFO]: 
info
[2022-04-28  01:23:23.655] -> [WARNING]: 
warn
[2022-04-28  01:23:23.657] -> [DEBUG]: 
debug
[2022-04-28  01:23:23.663] -> [INFO]: 
info
[2022-04-28  01:23:23.666] -> [WARNING]: 
warn
[2022-04-28  01:23:23.669] -> [DEBUG]: 
debug
[2022-04-28  01:23:23.671] -> [INFO]: 
info
[2022-04-28  01:23:23.673] -> [WARNING]: 
warn
[2022-04-28  01:23:23.677] -> [DEBUG]: 
debug
[2022-04-28  01:23:23.680] -> [INFO]: 
info
[2022-04-28  01:23:23.683] -> [WARNING]: 
warn
[2022-04-28  01:23:23.686] -> [DEBUG]: 
debug
[2022-04-28  01:23:23.689] -> [INFO]: 
info
[2022-04-28  01:23:23.693] -> [WARNING]: 
warn
[2022-04-28  01:23:23.695] -> [DEBUG]: 
debug
[2022-04-28  01:23:23.698] -> [INFO]: 
info
[2022-04-28  01:23:23.700] -> [WARNING]: 
warn
[2022-04-28  01:23:23.702] -> [DEBUG]: 
debug
[2022-04-28  01:23:23.704] -> [INFO]: 
info
[2022-04-28  01:23:23.708] -> [WARNING]: 
warn
[2022-04-28  01:23:23.710] -> [DEBUG]: 
debug
[2022-04-28  01:23:23.713] -> [INFO]: 
info
[2022-04-28  01:23:23.716] -> [WARNING]: 
warn
[2022-04-28  01:23:23.718] -> [DEBUG]: 
debug
[2022-04-28  01:23:23.721] -> [INFO]: 
info
[2022-04-28  01:23:23.723] -> [WARNING]: 
warn
[2022-04-28  01:23:23.725] -> [DEBUG]: 
debug
[2022-04-28  01:23:23.728] -> [INFO]: 
info
[2022-04-28  01:23:23.729] -> [WARNING]: 
warn
[2022-04-28  01:23:23.731] -> [DEBUG]: 
debug
[2022-04-28  01:23:23.734] -> [INFO]: 
info
[2022-04-28  01:23:23.736] -> [WARNING]: 
warn
[2022-04-28  01:23:23.739] -> [DEBUG]: 
debug
[2022-04-28  01:23:23.740] -> [INFO]: 
info
[2022-04-28  01:23:23.742] -> [WARNING]: 
warn
[2022-04-28  01:23:23.745] -> [DEBUG]: 
debug
[2022-04-28  01:23:23.747] -> [INFO]: 
info
[2022-04-28  01:23:23.750] -> [WARNING]: 
warn
[2022-04-28  01:23:23.753] -> [DEBUG]: 
debug
[2022-04-28  01:23:23.756] -> [INFO]: 
info
[2022-04-28  01:23:23.759] -> [WARNING]: 
warn
[2022-04-28  01:23:23.760] -> [DEBUG]: 
debug
[2022-04-28  01:23:23.764] -> [INFO]: 
info
[2022-04-28  01:23:23.765] -> [WARNING]: 
warn
[2022-04-28  01:23:23.767] -> [DEBUG]: 
debug
[2022-04-28  01:23:23.770] -> [INFO]: 
info
[2022-04-28  01:23:23.772] -> [WARNING]: 
warn
[2022-04-28  01:23:23.774] -> [DEBUG]: 
debug
[2022-04-28  01:23:23.776] -> [INFO]: 
info
[2022-04-28  01:23:23.778] -> [WARNING]: 
warn
[2022-04-28  01:23:23.782] -> [DEBUG]: 
debug
[2022-04-28  01:23:23.786] -> [INFO]: 
info
[2022-04-28  01:23:23.789] -> [WARNING]: 
warn
[2022-04-28  01:23:23.791] -> [DEBUG]: 
debug
[2022-04-28  01:23:23.792] -> [INFO]: 
info
[2022-04-28  01:23:23.795] -> [WARNING]: 
warn
[2022-04-28  01:23:23.798] -> [DEBUG]: 
debug
[2022-04-28  01:23:23.800] -> [INFO]: 
info
[2022-04-28  01:23:23.802] -> [WARNING]: 
warn
[2022-04-28  01:23:23.804] -> [DEBUG]: 
debug
[2022-04-28  01:23:23.806] -> [INFO]: 
info
[2022-04-28  01:23:23.807] -> [WARNING]: 
warn
[2022-04-28  01:23:23.816] -> [DEBUG]: 
debug
[2022-04-28  01:23:23.818] -> [INFO]: 
info
[2022-04-28  01:23:23.820] -> [WARNING]: 
warn
[2022-04-28  01:23:23.823] -> [DEBUG]: 
debug
[2022-04-28  01:23:23.825] -> [INFO]: 
info
[2022-04-28  01:23:23.827] -> [WARNING]: 
warn
[2022-04-28  01:23:23.829] -> [DEBUG]: 
debug
[2022-04-28  01:23:23.832] -> [INFO]: 
info
[2022-04-28  01:23:23.836] -> [WARNING]: 
warn
[2022-04-28  01:23:23.839] -> [DEBUG]: 
debug
[2022-04-28  01:23:23.842] -> [INFO]: 
info
[2022-04-28  01:23:23.850] -> [WARNING]: 
warn
[2022-04-28  01:23:23.853] -> [DEBUG]: 
debug
[2022-04-28  01:23:23.863] -> [INFO]: 
info
[2022-04-28  01:23:23.866] -> [WARNING]: 
warn
[2022-04-28  01:23:23.870] -> [DEBUG]: 
debug
[2022-04-28  01:23:23.885] -> [INFO]: 
info
[2022-04-28  01:23:23.890] -> [WARNING]: 
warn
[2022-04-28  01:23:23.892] -> [DEBUG]: 
debug
[2022-04-28  01:23:23.895] -> [INFO]: 
info
[2022-04-28  01:23:23.897] -> [WARNING]: 
warn
[2022-04-28  01:23:23.899] -> [DEBUG]: 
debug
[2022-04-28  01:23:23.901] -> [INFO]: 
info
[2022-04-28  01:23:23.905] -> [WARNING]: 
warn
[2022-04-28  01:23:23.907] -> [DEBUG]: 
debug
[2022-04-28  01:23:23.910] -> [INFO]: 
info
[2022-04-28  01:23:23.912] -> [WARNING]: 
warn
[2022-04-28  01:23:23.914] -> [DEBUG]: 
debug
[2022-04-28  01:23:23.916] -> [INFO]: 
info
[2022-04-28  01:23:23.919] -> [WARNING]: 
warn
[2022-04-28  01:23:23.921] -> [DEBUG]: 
debug
[2022-04-28  01:23:23.923] -> [INFO]: 
info
[2022-04-28  01:23:23.926] -> [WARNING]: 
warn
[2022-04-28  01:23:23.928] -> [DEBUG]: 
debug
[2022-04-28  01:23:23.930] -> [INFO]: 
info
[2022-04-28  01:23:23.933] -> [WARNING]: 
warn
[2022-04-28  01:23:23.936] -> [DEBUG]: 
debug
[2022-04-28  01:23:23.938] -> [INFO]: 
info
[2022-04-28  01:23:23.941] -> [WARNING]: 
warn
[2022-04-28  01:23:23.944] -> [DEBUG]: 
debug
[2022-04-28  01:23:23.950] -> [INFO]: 
info
[2022-04-28  01:23:23.953] -> [WARNING]: 
warn
[2022-04-28  01:23:23.955] -> [DEBUG]: 
debug
[2022-04-28  01:23:23.957] -> [INFO]: 
info
[2022-04-28  01:23:23.960] -> [WARNING]: 
warn
[2022-04-28  01:23:23.962] -> [DEBUG]: 
debug
[2022-04-28  01:23:23.965] -> [INFO]: 
info
[2022-04-28  01:23:23.969] -> [WARNING]: 
warn
[2022-04-28  01:23:23.971] -> [DEBUG]: 
debug
[2022-04-28  01:23:23.974] -> [INFO]: 
info
[2022-04-28  01:23:23.976] -> [WARNING]: 
warn
[2022-04-28  01:23:23.978] -> [DEBUG]: 
debug
[2022-04-28  01:23:23.982] -> [INFO]: 
info
[2022-04-28  01:23:23.984] -> [WARNING]: 
warn
[2022-04-28  01:23:23.990] -> [DEBUG]: 
debug
[2022-04-28  01:23:23.995] -> [INFO]: 
info
[2022-04-28  01:23:23.998] -> [WARNING]: 
warn
[2022-04-28  01:23:24.001] -> [DEBUG]: 
debug
[2022-04-28  01:23:24.003] -> [INFO]: 
info
[2022-04-28  01:23:24.006] -> [WARNING]: 
warn
[2022-04-28  01:23:24.008] -> [DEBUG]: 
debug
[2022-04-28  01:23:24.010] -> [INFO]: 
info
[2022-04-28  01:23:24.014] -> [WARNING]: 
warn
[2022-04-28  01:23:24.017] -> [DEBUG]: 
debug
[2022-04-28  01:23:24.019] -> [INFO]: 
info
[2022-04-28  01:23:24.022] -> [WARNING]: 
warn
[2022-04-28  01:23:24.024] -> [DEBUG]: 
debug
[2022-04-28  01:23:24.027] -> [INFO]: 
info
[2022-04-28  01:23:24.030] -> [WARNING]: 
warn
[2022-04-28  01:23:24.043] -> [DEBUG]: 
debug
[2022-04-28  01:23:24.047] -> [INFO]: 
info
[2022-04-28  01:23:24.052] -> [WARNING]: 
warn
[2022-04-28  01:23:24.055] -> [DEBUG]: 
debug
[2022-04-28  01:23:24.059] -> [INFO]: 
info
[2022-04-28  01:23:24.063] -> [WARNING]: 
warn
[2022-04-28  01:23:24.066] -> [DEBUG]: 
debug
[2022-04-28  01:23:24.069] -> [INFO]: 
info
[2022-04-28  01:23:24.077] -> [WARNING]: 
warn
[2022-04-28  01:23:24.080] -> [DEBUG]: 
debug
[2022-04-28  01:23:24.085] -> [INFO]: 
info
[2022-04-28  01:23:24.093] -> [WARNING]: 
warn
[2022-04-28  01:23:24.104] -> [DEBUG]: 
debug
[2022-04-28  01:23:24.116] -> [INFO]: 
info
[2022-04-28  01:23:24.120] -> [WARNING]: 
warn
[2022-04-28  01:23:24.124] -> [DEBUG]: 
debug
[2022-04-28  01:23:24.128] -> [INFO]: 
info
[2022-04-28  01:23:24.132] -> [WARNING]: 
warn
[2022-04-28  01:23:24.136] -> [DEBUG]: 
debug
[2022-04-28  01:23:24.138] -> [INFO]: 
info
[2022-04-28  01:23:24.141] -> [WARNING]: 
warn
[2022-04-28  01:23:24.144] -> [DEBUG]: 
debug
[2022-04-28  01:23:24.152] -> [INFO]: 
info
[2022-04-28  01:23:24.155] -> [WARNING]: 
warn
[2022-04-28  01:23:24.159] -> [DEBUG]: 
debug
[2022-04-28  01:23:24.162] -> [INFO]: 
info
[2022-04-28  01:23:24.165] -> [WARNING]: 
warn
[2022-04-28  01:23:24.168] -> [DEBUG]: 
debug
[2022-04-28  01:23:24.173] -> [INFO]: 
info
[2022-04-28  01:23:24.177] -> [WARNING]: 
warn
[2022-04-28  01:23:24.180] -> [DEBUG]: 
debug
[2022-04-28  01:23:24.199] -> [INFO]: 
info
[2022-04-28  01:23:24.204] -> [WARNING]: 
warn
[2022-04-28  01:23:24.210] -> [DEBUG]: 
debug
[2022-04-28  01:23:24.215] -> [INFO]: 
info
[2022-04-28  01:23:24.230] -> [WARNING]: 
warn
[2022-04-28  01:23:24.272] -> [DEBUG]: 
debug
[2022-04-28  01:23:24.294] -> [INFO]: 
info
[2022-04-28  01:23:24.304] -> [WARNING]: 
warn
[2022-04-28  01:23:24.312] -> [DEBUG]: 
debug
[2022-04-28  01:23:24.345] -> [INFO]: 
info
[2022-04-28  01:23:24.348] -> [WARNING]: 
warn
[2022-04-28  01:23:24.351] -> [DEBUG]: 
debug
[2022-04-28  01:23:24.353] -> [INFO]: 
info
[2022-04-28  01:23:24.356] -> [WARNING]: 
warn
[2022-04-28  01:23:24.358] -> [DEBUG]: 
debug
[2022-04-28  01:23:24.363] -> [INFO]: 
info
[2022-04-28  01:23:24.365] -> [WARNING]: 
warn
[2022-04-28  01:23:24.368] -> [DEBUG]: 
debug
[2022-04-28  01:23:24.373] -> [INFO]: 
info
[2022-04-28  01:23:24.377] -> [WARNING]: 
warn
[2022-04-28  01:23:24.380] -> [DEBUG]: 
debug
[2022-04-28  01:23:24.382] -> [INFO]: 
info
[2022-04-28  01:23:24.384] -> [WARNING]: 
warn
[2022-04-28  01:23:24.387] -> [DEBUG]: 
debug
[2022-04-28  01:23:24.388] -> [INFO]: 
info
[2022-04-28  01:23:24.390] -> [WARNING]: 
warn
[2022-04-28  01:23:24.392] -> [DEBUG]: 
debug
[2022-04-28  01:23:24.396] -> [INFO]: 
info
[2022-04-28  01:23:24.398] -> [WARNING]: 
warn
[2022-04-28  01:23:24.400] -> [DEBUG]: 
debug
[2022-04-28  01:23:24.403] -> [INFO]: 
info
[2022-04-28  01:23:24.410] -> [WARNING]: 
warn
[2022-04-28  01:23:24.413] -> [DEBUG]: 
debug
[2022-04-28  01:23:24.415] -> [INFO]: 
info
[2022-04-28  01:23:24.417] -> [WARNING]: 
warn
[2022-04-28  01:23:24.421] -> [DEBUG]: 
debug
[2022-04-28  01:23:24.424] -> [INFO]: 
info
[2022-04-28  01:23:24.427] -> [WARNING]: 
warn
[2022-04-28  01:23:24.429] -> [DEBUG]: 
debug
[2022-04-28  01:23:24.432] -> [INFO]: 
info
[2022-04-28  01:23:24.436] -> [WARNING]: 
warn
[2022-04-28  01:23:24.439] -> [DEBUG]: 
debug
[2022-04-28  01:23:24.441] -> [INFO]: 
info
[2022-04-28  01:23:24.444] -> [WARNING]: 
warn
[2022-04-28  01:23:24.447] -> [DEBUG]: 
debug
[2022-04-28  01:23:24.452] -> [INFO]: 
info
[2022-04-28  01:23:24.456] -> [WARNING]: 
warn
[2022-04-28  01:23:24.460] -> [DEBUG]: 
debug
[2022-04-28  01:23:24.461] -> [INFO]: 
info
[2022-04-28  01:23:24.463] -> [WARNING]: 
warn
[2022-04-28  01:23:24.466] -> [DEBUG]: 
debug
[2022-04-28  01:23:24.468] -> [INFO]: 
info
[2022-04-28  01:23:24.471] -> [WARNING]: 
warn
[2022-04-28  01:23:24.473] -> [DEBUG]: 
debug
[2022-04-28  01:23:24.475] -> [INFO]: 
info
[2022-04-28  01:23:24.479] -> [WARNING]: 
warn
[2022-04-28  01:23:24.481] -> [DEBUG]: 
debug
[2022-04-28  01:23:24.484] -> [INFO]: 
info
[2022-04-28  01:23:24.486] -> [WARNING]: 
warn
[2022-04-28  01:23:24.488] -> [DEBUG]: 
debug
[2022-04-28  01:23:24.490] -> [INFO]: 
info
[2022-04-28  01:23:24.493] -> [WARNING]: 
warn
[2022-04-28  01:23:24.495] -> [DEBUG]: 
debug
[2022-04-28  01:23:24.497] -> [INFO]: 
info
[2022-04-28  01:23:24.500] -> [WARNING]: 
warn
[2022-04-28  01:23:24.503] -> [DEBUG]: 
debug
[2022-04-28  01:23:24.505] -> [INFO]: 
info
[2022-04-28  01:23:24.507] -> [WARNING]: 
warn
[2022-04-28  01:23:24.509] -> [DEBUG]: 
debug
[2022-04-28  01:23:24.513] -> [INFO]: 
info
[2022-04-28  01:23:24.514] -> [WARNING]: 
warn
[2022-04-28  01:23:24.516] -> [DEBUG]: 
debug
[2022-04-28  01:23:24.519] -> [INFO]: 
info
[2022-04-28  01:23:24.521] -> [WARNING]: 
warn
[2022-04-28  01:23:24.523] -> [DEBUG]: 
debug
[2022-04-28  01:23:24.527] -> [INFO]: 
info
[2022-04-28  01:23:24.530] -> [WARNING]: 
warn
[2022-04-28  01:23:24.534] -> [DEBUG]: 
debug
[2022-04-28  01:23:24.537] -> [INFO]: 
info
[2022-04-28  01:23:24.540] -> [WARNING]: 
warn
[2022-04-28  01:23:24.543] -> [DEBUG]: 
debug
[2022-04-28  01:23:24.545] -> [INFO]: 
info
[2022-04-28  01:23:24.548] -> [WARNING]: 
warn
[2022-04-28  01:23:24.551] -> [DEBUG]: 
debug
[2022-04-28  01:23:24.553] -> [INFO]: 
info
[2022-04-28  01:23:24.557] -> [WARNING]: 
warn
[2022-04-28  01:23:24.570] -> [DEBUG]: 
debug
[2022-04-28  01:23:24.574] -> [INFO]: 
info
[2022-04-28  01:23:24.579] -> [WARNING]: 
warn
[2022-04-28  01:23:24.596] -> [DEBUG]: 
debug
[2022-04-28  01:23:24.600] -> [INFO]: 
info
[2022-04-28  01:23:24.604] -> [WARNING]: 
warn
[2022-04-28  01:23:24.610] -> [DEBUG]: 
debug
[2022-04-28  01:23:24.612] -> [INFO]: 
info
[2022-04-28  01:23:24.616] -> [WARNING]: 
warn
[2022-04-28  01:23:24.619] -> [DEBUG]: 
debug
[2022-04-28  01:23:24.623] -> [INFO]: 
info
[2022-04-28  01:23:24.633] -> [WARNING]: 
warn
[2022-04-28  01:23:24.638] -> [DEBUG]: 
debug
[2022-04-28  01:23:24.642] -> [INFO]: 
info
[2022-04-28  01:23:24.644] -> [WARNING]: 
warn
[2022-04-28  01:23:24.647] -> [DEBUG]: 
debug
[2022-04-28  01:23:24.651] -> [INFO]: 
info
[2022-04-28  01:23:24.654] -> [WARNING]: 
warn
[2022-04-28  01:23:24.660] -> [DEBUG]: 
debug
[2022-04-28  01:23:24.662] -> [INFO]: 
info
[2022-04-28  01:23:24.665] -> [WARNING]: 
warn
[2022-04-28  01:23:24.668] -> [DEBUG]: 
debug
[2022-04-28  01:23:24.671] -> [INFO]: 
info
[2022-04-28  01:23:24.673] -> [WARNING]: 
warn
[2022-04-28  01:23:24.676] -> [DEBUG]: 
debug
[2022-04-28  01:23:24.687] -> [INFO]: 
info
[2022-04-28  01:23:24.689] -> [WARNING]: 
warn
[2022-04-28  01:23:24.691] -> [DEBUG]: 
debug
[2022-04-28  01:23:24.694] -> [INFO]: 
info
[2022-04-28  01:23:24.698] -> [WARNING]: 
warn
[2022-04-28  01:23:24.700] -> [DEBUG]: 
debug
[2022-04-28  01:23:24.704] -> [INFO]: 
info
[2022-04-28  01:23:24.711] -> [WARNING]: 
warn
[2022-04-28  01:23:24.725] -> [DEBUG]: 
debug
[2022-04-28  01:23:24.741] -> [INFO]: 
info
[2022-04-28  01:23:24.746] -> [WARNING]: 
warn
[2022-04-28  01:23:24.751] -> [DEBUG]: 
debug
[2022-04-28  01:23:24.755] -> [INFO]: 
info
[2022-04-28  01:23:24.759] -> [WARNING]: 
warn
[2022-04-28  01:23:24.762] -> [DEBUG]: 
debug
[2022-04-28  01:23:24.766] -> [INFO]: 
info
[2022-04-28  01:23:24.770] -> [WARNING]: 
warn
[2022-04-28  01:23:24.783] -> [DEBUG]: 
debug
[2022-04-28  01:23:24.788] -> [INFO]: 
info
[2022-04-28  01:23:24.793] -> [WARNING]: 
warn
[2022-04-28  01:23:24.798] -> [DEBUG]: 
debug
[2022-04-28  01:23:24.801] -> [INFO]: 
info
[2022-04-28  01:23:24.815] -> [WARNING]: 
warn
[2022-04-28  01:23:24.819] -> [DEBUG]: 
debug
[2022-04-28  01:23:24.831] -> [INFO]: 
info
[2022-04-28  01:23:24.841] -> [WARNING]: 
warn
[2022-04-28  01:23:24.848] -> [DEBUG]: 
debug
[2022-04-28  01:23:24.854] -> [INFO]: 
info
[2022-04-28  01:23:24.857] -> [WARNING]: 
warn
[2022-04-28  01:23:24.859] -> [DEBUG]: 
debug
[2022-04-28  01:23:24.862] -> [INFO]: 
info
[2022-04-28  01:23:24.864] -> [WARNING]: 
warn
[2022-04-28  01:23:24.867] -> [DEBUG]: 
debug
[2022-04-28  01:23:24.870] -> [INFO]: 
info
[2022-04-28  01:23:24.872] -> [WARNING]: 
warn
[2022-04-28  01:23:24.875] -> [DEBUG]: 
debug
[2022-04-28  01:23:24.886] -> [INFO]: 
info
[2022-04-28  01:23:24.888] -> [WARNING]: 
warn
[2022-04-28  01:23:24.890] -> [DEBUG]: 
debug
[2022-04-28  01:23:24.894] -> [INFO]: 
info
[2022-04-28  01:23:24.896] -> [WARNING]: 
warn
[2022-04-28  01:23:24.899] -> [DEBUG]: 
debug
[2022-04-28  01:23:24.901] -> [INFO]: 
info
[2022-04-28  01:23:24.904] -> [WARNING]: 
warn
[2022-04-28  01:23:24.907] -> [DEBUG]: 
debug
[2022-04-28  01:23:24.910] -> [INFO]: 
info
[2022-04-28  01:23:24.913] -> [WARNING]: 
warn
[2022-04-28  01:23:24.915] -> [DEBUG]: 
debug
[2022-04-28  01:23:24.917] -> [INFO]: 
info
[2022-04-28  01:23:24.920] -> [WARNING]: 
warn
[2022-04-28  01:23:24.926] -> [DEBUG]: 
debug
[2022-04-28  01:23:24.929] -> [INFO]: 
info
[2022-04-28  01:23:24.931] -> [WARNING]: 
warn
[2022-04-28  01:23:24.933] -> [DEBUG]: 
debug
[2022-04-28  01:23:24.935] -> [INFO]: 
info
[2022-04-28  01:23:24.937] -> [WARNING]: 
warn
[2022-04-28  01:23:24.940] -> [DEBUG]: 
debug
[2022-04-28  01:23:24.952] -> [INFO]: 
info
[2022-04-28  01:23:24.957] -> [WARNING]: 
warn
[2022-04-28  01:23:24.962] -> [DEBUG]: 
debug
[2022-04-28  01:23:24.967] -> [INFO]: 
info
[2022-04-28  01:23:24.973] -> [WARNING]: 
warn
[2022-04-28  01:23:24.978] -> [DEBUG]: 
debug
[2022-04-28  01:23:24.981] -> [INFO]: 
info
[2022-04-28  01:23:24.987] -> [WARNING]: 
warn
[2022-04-28  01:23:24.992] -> [DEBUG]: 
debug
[2022-04-28  01:23:24.996] -> [INFO]: 
info
[2022-04-28  01:23:25.001] -> [WARNING]: 
warn
[2022-04-28  01:23:25.006] -> [DEBUG]: 
debug
[2022-04-28  01:23:25.009] -> [INFO]: 
info
[2022-04-28  01:23:25.011] -> [WARNING]: 
warn
[2022-04-28  01:23:25.014] -> [DEBUG]: 
debug
[2022-04-28  01:23:25.025] -> [INFO]: 
info
[2022-04-28  01:23:25.029] -> [WARNING]: 
warn
[2022-04-28  01:23:25.031] -> [DEBUG]: 
debug
[2022-04-28  01:23:25.035] -> [INFO]: 
info
[2022-04-28  01:23:25.037] -> [WARNING]: 
warn
[2022-04-28  01:23:25.039] -> [DEBUG]: 
debug
[2022-04-28  01:23:25.041] -> [INFO]: 
info
[2022-04-28  01:23:25.043] -> [WARNING]: 
warn
[2022-04-28  01:23:25.045] -> [DEBUG]: 
debug
[2022-04-28  01:23:25.048] -> [INFO]: 
info
[2022-04-28  01:23:25.049] -> [WARNING]: 
warn
[2022-04-28  01:23:25.052] -> [DEBUG]: 
debug
[2022-04-28  01:23:25.053] -> [INFO]: 
info
[2022-04-28  01:23:25.055] -> [WARNING]: 
warn
[2022-04-28  01:23:25.058] -> [DEBUG]: 
debug
[2022-04-28  01:23:25.060] -> [INFO]: 
info
[2022-04-28  01:23:25.063] -> [WARNING]: 
warn
[2022-04-28  01:23:25.066] -> [DEBUG]: 
debug
[2022-04-28  01:23:25.068] -> [INFO]: 
info
[2022-04-28  01:23:25.070] -> [WARNING]: 
warn
[2022-04-28  01:23:25.072] -> [DEBUG]: 
debug
[2022-04-28  01:23:25.074] -> [INFO]: 
info
[2022-04-28  01:23:25.077] -> [WARNING]: 
warn
[2022-04-28  01:23:25.079] -> [DEBUG]: 
debug
[2022-04-28  01:23:25.081] -> [INFO]: 
info
[2022-04-28  01:23:25.083] -> [WARNING]: 
warn
[2022-04-28  01:23:25.094] -> [DEBUG]: 
debug
[2022-04-28  01:23:25.096] -> [INFO]: 
info
[2022-04-28  01:23:25.097] -> [WARNING]: 
warn
[2022-04-28  01:23:25.099] -> [DEBUG]: 
debug
[2022-04-28  01:23:25.102] -> [INFO]: 
info
[2022-04-28  01:23:25.104] -> [WARNING]: 
warn
[2022-04-28  01:23:25.106] -> [DEBUG]: 
debug
[2022-04-28  01:23:25.108] -> [INFO]: 
info
[2022-04-28  01:23:25.110] -> [WARNING]: 
warn
[2022-04-28  01:23:25.113] -> [DEBUG]: 
debug
[2022-04-28  01:23:25.115] -> [INFO]: 
info
[2022-04-28  01:23:25.117] -> [WARNING]: 
warn
[2022-04-28  01:23:25.119] -> [DEBUG]: 
debug
[2022-04-28  01:23:25.121] -> [INFO]: 
info
[2022-04-28  01:23:25.126] -> [WARNING]: 
warn
[2022-04-28  01:23:25.128] -> [DEBUG]: 
debug
[2022-04-28  01:23:25.131] -> [INFO]: 
info
[2022-04-28  01:23:25.133] -> [WARNING]: 
warn
[2022-04-28  01:23:25.135] -> [DEBUG]: 
debug
[2022-04-28  01:23:25.136] -> [INFO]: 
info
[2022-04-28  01:23:25.138] -> [WARNING]: 
warn
[2022-04-28  01:23:25.141] -> [DEBUG]: 
debug
[2022-04-28  01:23:25.143] -> [INFO]: 
info
[2022-04-28  01:23:25.144] -> [WARNING]: 
warn
[2022-04-28  01:23:25.146] -> [DEBUG]: 
debug
[2022-04-28  01:23:25.149] -> [INFO]: 
info
[2022-04-28  01:23:25.151] -> [WARNING]: 
warn
[2022-04-28  01:23:25.155] -> [DEBUG]: 
debug
[2022-04-28  01:23:25.157] -> [INFO]: 
info
[2022-04-28  01:23:25.158] -> [WARNING]: 
warn
[2022-04-28  01:23:25.161] -> [DEBUG]: 
debug
[2022-04-28  01:23:25.163] -> [INFO]: 
info
[2022-04-28  01:23:25.166] -> [WARNING]: 
warn
[2022-04-28  01:23:25.168] -> [DEBUG]: 
debug
[2022-04-28  01:23:25.169] -> [INFO]: 
info
[2022-04-28  01:23:25.172] -> [WARNING]: 
warn
[2022-04-28  01:23:25.174] -> [DEBUG]: 
debug
[2022-04-28  01:23:25.176] -> [INFO]: 
info
[2022-04-28  01:23:25.177] -> [WARNING]: 
warn
[2022-04-28  01:23:25.180] -> [DEBUG]: 
debug
[2022-04-28  01:23:25.183] -> [INFO]: 
info
[2022-04-28  01:23:25.189] -> [WARNING]: 
warn
[2022-04-28  01:23:25.191] -> [DEBUG]: 
debug
[2022-04-28  01:23:25.194] -> [INFO]: 
info
[2022-04-28  01:23:25.196] -> [WARNING]: 
warn
[2022-04-28  01:23:25.199] -> [DEBUG]: 
debug
[2022-04-28  01:23:25.202] -> [INFO]: 
info
[2022-04-28  01:23:25.205] -> [WARNING]: 
warn
[2022-04-28  01:23:25.207] -> [DEBUG]: 
debug
[2022-04-28  01:23:25.210] -> [INFO]: 
info
[2022-04-28  01:23:25.212] -> [WARNING]: 
warn
[2022-04-28  01:23:25.221] -> [DEBUG]: 
debug
[2022-04-28  01:23:25.236] -> [INFO]: 
info
[2022-04-28  01:23:25.242] -> [WARNING]: 
warn
[2022-04-28  01:23:25.270] -> [DEBUG]: 
debug
[2022-04-28  01:23:25.276] -> [INFO]: 
info
[2022-04-28  01:23:25.289] -> [WARNING]: 
warn
[2022-04-28  01:23:25.302] -> [DEBUG]: 
debug
[2022-04-28  01:23:25.307] -> [INFO]: 
info
[2022-04-28  01:23:25.311] -> [WARNING]: 
warn
[2022-04-28  01:23:25.322] -> [DEBUG]: 
debug
[2022-04-28  01:23:25.334] -> [INFO]: 
info
[2022-04-28  01:23:25.341] -> [WARNING]: 
warn
[2022-04-28  01:23:25.343] -> [DEBUG]: 
debug
[2022-04-28  01:23:25.350] -> [INFO]: 
info
[2022-04-28  01:23:25.354] -> [WARNING]: 
warn
[2022-04-28  01:23:25.358] -> [DEBUG]: 
debug
[2022-04-28  01:23:25.363] -> [INFO]: 
info
[2022-04-28  01:23:25.375] -> [WARNING]: 
warn
[2022-04-28  01:23:25.381] -> [DEBUG]: 
debug
[2022-04-28  01:23:25.384] -> [INFO]: 
info
[2022-04-28  01:23:25.387] -> [WARNING]: 
warn
[2022-04-28  01:23:25.390] -> [DEBUG]: 
debug
[2022-04-28  01:23:25.392] -> [INFO]: 
info
[2022-04-28  01:23:25.394] -> [WARNING]: 
warn
[2022-04-28  01:23:25.397] -> [DEBUG]: 
debug
[2022-04-28  01:23:25.398] -> [INFO]: 
info
[2022-04-28  01:23:25.400] -> [WARNING]: 
warn
[2022-04-28  01:23:25.403] -> [DEBUG]: 
debug
[2022-04-28  01:23:25.405] -> [INFO]: 
info
[2022-04-28  01:23:25.407] -> [WARNING]: 
warn
[2022-04-28  01:23:25.411] -> [DEBUG]: 
debug
[2022-04-28  01:23:25.413] -> [INFO]: 
info
[2022-04-28  01:23:25.416] -> [WARNING]: 
warn
[2022-04-28  01:23:25.418] -> [DEBUG]: 
debug
[2022-04-28  01:23:25.421] -> [INFO]: 
info
[2022-04-28  01:23:25.422] -> [WARNING]: 
warn
[2022-04-28  01:23:25.425] -> [DEBUG]: 
debug
[2022-04-28  01:23:25.427] -> [INFO]: 
info
[2022-04-28  01:23:25.429] -> [WARNING]: 
warn
[2022-04-28  01:23:25.431] -> [DEBUG]: 
debug
[2022-04-28  01:23:25.433] -> [INFO]: 
info
[2022-04-28  01:23:25.435] -> [WARNING]: 
warn
[2022-04-28  01:23:25.438] -> [DEBUG]: 
debug
[2022-04-28  01:23:25.441] -> [INFO]: 
info
[2022-04-28  01:23:25.444] -> [WARNING]: 
warn
[2022-04-28  01:23:25.446] -> [DEBUG]: 
debug
[2022-04-28  01:23:25.450] -> [INFO]: 
info
[2022-04-28  01:23:25.453] -> [WARNING]: 
warn
[2022-04-28  01:23:25.456] -> [DEBUG]: 
debug
[2022-04-28  01:23:25.460] -> [INFO]: 
info
[2022-04-28  01:23:25.461] -> [WARNING]: 
warn
[2022-04-28  01:23:25.464] -> [DEBUG]: 
debug
[2022-04-28  01:23:25.475] -> [INFO]: 
info
[2022-04-28  01:23:25.477] -> [WARNING]: 
warn
[2022-04-28  01:23:25.479] -> [DEBUG]: 
debug
[2022-04-28  01:23:25.482] -> [INFO]: 
info
[2022-04-28  01:23:25.484] -> [WARNING]: 
warn
[2022-04-28  01:23:25.486] -> [DEBUG]: 
debug
[2022-04-28  01:23:25.488] -> [INFO]: 
info
[2022-04-28  01:23:25.491] -> [WARNING]: 
warn
[2022-04-28  01:23:25.493] -> [DEBUG]: 
debug
[2022-04-28  01:23:25.497] -> [INFO]: 
info
[2022-04-28  01:23:25.500] -> [WARNING]: 
warn
[2022-04-28  01:23:25.505] -> [DEBUG]: 
debug
[2022-04-28  01:23:25.510] -> [INFO]: 
info
[2022-04-28  01:23:25.513] -> [WARNING]: 
warn
[2022-04-28  01:23:25.515] -> [DEBUG]: 
debug
[2022-04-28  01:23:25.519] -> [INFO]: 
info
[2022-04-28  01:23:25.521] -> [WARNING]: 
warn
[2022-04-28  01:23:25.523] -> [DEBUG]: 
debug
[2022-04-28  01:23:25.528] -> [INFO]: 
info
[2022-04-28  01:23:25.530] -> [WARNING]: 
warn
[2022-04-28  01:23:25.533] -> [DEBUG]: 
debug
[2022-04-28  01:23:25.536] -> [INFO]: 
info
[2022-04-28  01:23:25.539] -> [WARNING]: 
warn
[2022-04-28  01:23:25.544] -> [DEBUG]: 
debug
[2022-04-28  01:23:25.548] -> [INFO]: 
info
[2022-04-28  01:23:25.552] -> [WARNING]: 
warn
[2022-04-28  01:23:25.554] -> [DEBUG]: 
debug
[2022-04-28  01:23:25.559] -> [INFO]: 
info
[2022-04-28  01:23:25.568] -> [WARNING]: 
warn
[2022-04-28  01:23:25.570] -> [DEBUG]: 
debug
[2022-04-28  01:23:25.572] -> [INFO]: 
info
[2022-04-28  01:23:25.574] -> [WARNING]: 
warn
[2022-04-28  01:23:25.577] -> [DEBUG]: 
debug
[2022-04-28  01:23:25.581] -> [INFO]: 
info
[2022-04-28  01:23:25.584] -> [WARNING]: 
warn
[2022-04-28  01:23:25.587] -> [DEBUG]: 
debug
[2022-04-28  01:23:25.590] -> [INFO]: 
info
[2022-04-28  01:23:25.594] -> [WARNING]: 
warn
[2022-04-28  01:23:25.597] -> [DEBUG]: 
debug
[2022-04-28  01:23:25.600] -> [INFO]: 
info
[2022-04-28  01:23:25.604] -> [WARNING]: 
warn
[2022-04-28  01:23:25.606] -> [DEBUG]: 
debug
[2022-04-28  01:23:25.613] -> [INFO]: 
info
[2022-04-28  01:23:25.615] -> [WARNING]: 
warn
[2022-04-28  01:23:25.620] -> [DEBUG]: 
debug
[2022-04-28  01:23:25.623] -> [INFO]: 
info
[2022-04-28  01:23:25.627] -> [WARNING]: 
warn
[2022-04-28  01:23:25.632] -> [DEBUG]: 
debug
[2022-04-28  01:23:25.634] -> [INFO]: 
info
[2022-04-28  01:23:25.637] -> [WARNING]: 
warn
[2022-04-28  01:23:25.639] -> [DEBUG]: 
debug
[2022-04-28  01:23:25.645] -> [INFO]: 
info
[2022-04-28  01:23:25.649] -> [WARNING]: 
warn
[2022-04-28  01:23:25.652] -> [DEBUG]: 
debug
[2022-04-28  01:23:25.656] -> [INFO]: 
info
[2022-04-28  01:23:25.664] -> [WARNING]: 
warn
[2022-04-28  01:23:25.667] -> [DEBUG]: 
debug
[2022-04-28  01:23:25.670] -> [INFO]: 
info
[2022-04-28  01:23:25.674] -> [WARNING]: 
warn
[2022-04-28  01:23:25.677] -> [DEBUG]: 
debug
[2022-04-28  01:23:25.680] -> [INFO]: 
info
[2022-04-28  01:23:25.682] -> [WARNING]: 
warn
[2022-04-28  01:23:25.684] -> [DEBUG]: 
debug
[2022-04-28  01:23:25.690] -> [INFO]: 
info
[2022-04-28  01:23:25.704] -> [WARNING]: 
warn
[2022-04-28  01:23:25.711] -> [DEBUG]: 
debug
[2022-04-28  01:23:25.716] -> [INFO]: 
info
[2022-04-28  01:23:25.724] -> [WARNING]: 
warn
[2022-04-28  01:23:25.727] -> [DEBUG]: 
debug
[2022-04-28  01:23:25.730] -> [INFO]: 
info
[2022-04-28  01:23:25.732] -> [WARNING]: 
warn
[2022-04-28  01:23:25.734] -> [DEBUG]: 
debug
[2022-04-28  01:23:25.744] -> [INFO]: 
info
[2022-04-28  01:23:25.747] -> [WARNING]: 
warn
[2022-04-28  01:23:25.750] -> [DEBUG]: 
debug
[2022-04-28  01:23:25.753] -> [INFO]: 
info
[2022-04-28  01:23:25.755] -> [WARNING]: 
warn
[2022-04-28  01:23:25.758] -> [DEBUG]: 
debug
[2022-04-28  01:23:25.762] -> [INFO]: 
info
[2022-04-28  01:23:25.766] -> [WARNING]: 
warn
[2022-04-28  01:23:25.770] -> [DEBUG]: 
debug
[2022-04-28  01:23:25.775] -> [INFO]: 
info
[2022-04-28  01:23:25.778] -> [WARNING]: 
warn
[2022-04-28  01:23:25.780] -> [DEBUG]: 
debug
[2022-04-28  01:23:25.783] -> [INFO]: 
info
[2022-04-28  01:23:25.784] -> [WARNING]: 
warn
[2022-04-28  01:23:25.787] -> [DEBUG]: 
debug
[2022-04-28  01:23:25.792] -> [INFO]: 
info
[2022-04-28  01:23:25.796] -> [WARNING]: 
warn
[2022-04-28  01:23:25.810] -> [DEBUG]: 
debug
[2022-04-28  01:23:25.814] -> [INFO]: 
info
[2022-04-28  01:23:25.818] -> [WARNING]: 
warn
[2022-04-28  01:23:25.822] -> [DEBUG]: 
debug
[2022-04-28  01:23:25.826] -> [INFO]: 
info
[2022-04-28  01:23:25.832] -> [WARNING]: 
warn
[2022-04-28  01:23:25.837] -> [DEBUG]: 
debug
[2022-04-28  01:23:25.846] -> [INFO]: 
info
[2022-04-28  01:23:25.853] -> [WARNING]: 
warn
[2022-04-28  01:23:25.858] -> [DEBUG]: 
debug
[2022-04-28  01:23:25.864] -> [INFO]: 
info
[2022-04-28  01:23:25.870] -> [WARNING]: 
warn
[2022-04-28  01:23:25.872] -> [DEBUG]: 
debug
[2022-04-28  01:23:25.876] -> [INFO]: 
info
[2022-04-28  01:23:25.878] -> [WARNING]: 
warn
[2022-04-28  01:23:25.882] -> [DEBUG]: 
debug
[2022-04-28  01:23:25.884] -> [INFO]: 
info
[2022-04-28  01:23:25.886] -> [WARNING]: 
warn
[2022-04-28  01:23:25.889] -> [DEBUG]: 
debug
[2022-04-28  01:23:25.892] -> [INFO]: 
info
[2022-04-28  01:23:25.893] -> [WARNING]: 
warn
[2022-04-28  01:23:25.897] -> [DEBUG]: 
debug
[2022-04-28  01:23:25.899] -> [INFO]: 
info
[2022-04-28  01:23:25.901] -> [WARNING]: 
warn
[2022-04-28  01:23:25.905] -> [DEBUG]: 
debug
[2022-04-28  01:23:25.907] -> [INFO]: 
info
[2022-04-28  01:23:25.911] -> [WARNING]: 
warn
[2022-04-28  01:23:25.913] -> [DEBUG]: 
debug
[2022-04-28  01:23:25.916] -> [INFO]: 
info
[2022-04-28  01:23:25.919] -> [WARNING]: 
warn
[2022-04-28  01:23:25.923] -> [DEBUG]: 
debug
[2022-04-28  01:23:25.926] -> [INFO]: 
info
[2022-04-28  01:23:25.928] -> [WARNING]: 
warn
[2022-04-28  01:23:25.931] -> [DEBUG]: 
debug
[2022-04-28  01:23:25.934] -> [INFO]: 
info
[2022-04-28  01:23:25.936] -> [WARNING]: 
warn
[2022-04-28  01:23:25.940] -> [DEBUG]: 
debug
[2022-04-28  01:23:25.943] -> [INFO]: 
info
[2022-04-28  01:23:25.945] -> [WARNING]: 
warn
[2022-04-28  01:23:25.962] -> [DEBUG]: 
debug
[2022-04-28  01:23:25.966] -> [INFO]: 
info
[2022-04-28  01:23:25.969] -> [WARNING]: 
warn
[2022-04-28  01:23:25.973] -> [DEBUG]: 
debug
[2022-04-28  01:23:25.977] -> [INFO]: 
info
[2022-04-28  01:23:25.981] -> [WARNING]: 
warn
[2022-04-28  01:23:25.983] -> [DEBUG]: 
debug
[2022-04-28  01:23:25.985] -> [INFO]: 
info
[2022-04-28  01:23:25.991] -> [WARNING]: 
warn
[2022-04-28  01:23:25.992] -> [DEBUG]: 
debug
[2022-04-28  01:23:26.001] -> [INFO]: 
info
[2022-04-28  01:23:26.007] -> [WARNING]: 
warn
[2022-04-28  01:23:26.011] -> [DEBUG]: 
debug
[2022-04-28  01:23:26.014] -> [INFO]: 
info
[2022-04-28  01:23:26.023] -> [WARNING]: 
warn
[2022-04-28  01:23:26.027] -> [DEBUG]: 
debug
[2022-04-28  01:23:26.030] -> [INFO]: 
info
[2022-04-28  01:23:26.032] -> [WARNING]: 
warn
[2022-04-28  01:23:26.035] -> [DEBUG]: 
debug
[2022-04-28  01:23:26.039] -> [INFO]: 
info
[2022-04-28  01:23:26.043] -> [WARNING]: 
warn
[2022-04-28  01:23:26.045] -> [DEBUG]: 
debug
[2022-04-28  01:23:26.049] -> [INFO]: 
info
[2022-04-28  01:23:26.065] -> [WARNING]: 
warn
[2022-04-28  01:23:26.067] -> [DEBUG]: 
debug
[2022-04-28  01:23:26.071] -> [INFO]: 
info
[2022-04-28  01:23:26.075] -> [WARNING]: 
warn
[2022-04-28  01:23:26.078] -> [DEBUG]: 
debug
[2022-04-28  01:23:26.081] -> [INFO]: 
info
[2022-04-28  01:23:26.084] -> [WARNING]: 
warn
[2022-04-28  01:23:26.086] -> [DEBUG]: 
debug
[2022-04-28  01:23:26.089] -> [INFO]: 
info
[2022-04-28  01:23:26.094] -> [WARNING]: 
warn
[2022-04-28  01:23:26.104] -> [DEBUG]: 
debug
[2022-04-28  01:23:26.110] -> [INFO]: 
info
[2022-04-28  01:23:26.113] -> [WARNING]: 
warn
[2022-04-28  01:23:26.121] -> [DEBUG]: 
debug
[2022-04-28  01:23:26.126] -> [INFO]: 
info
[2022-04-28  01:23:26.130] -> [WARNING]: 
warn
[2022-04-28  01:23:26.132] -> [DEBUG]: 
debug
[2022-04-28  01:23:26.134] -> [INFO]: 
info
[2022-04-28  01:23:26.136] -> [WARNING]: 
warn
[2022-04-28  01:23:26.139] -> [DEBUG]: 
debug
[2022-04-28  01:23:26.152] -> [INFO]: 
info
[2022-04-28  01:23:26.154] -> [WARNING]: 
warn
[2022-04-28  01:23:26.157] -> [DEBUG]: 
debug
[2022-04-28  01:23:26.161] -> [INFO]: 
info
[2022-04-28  01:23:26.163] -> [WARNING]: 
warn
[2022-04-28  01:23:26.165] -> [DEBUG]: 
debug
[2022-04-28  01:23:26.168] -> [INFO]: 
info
[2022-04-28  01:23:26.170] -> [WARNING]: 
warn
[2022-04-28  01:23:26.172] -> [DEBUG]: 
debug
[2022-04-28  01:23:26.174] -> [INFO]: 
info
[2022-04-28  01:23:26.177] -> [WARNING]: 
warn
[2022-04-28  01:23:26.179] -> [DEBUG]: 
debug
[2022-04-28  01:23:26.183] -> [INFO]: 
info
[2022-04-28  01:23:26.185] -> [WARNING]: 
warn
[2022-04-28  01:23:26.195] -> [DEBUG]: 
debug
[2022-04-28  01:23:26.469] -> [INFO]: 
info
